<?xml version="1.0" encoding="UTF-8"?>
<!-- Generated by org.testng.reporters.JUnitXMLReporter -->
<testsuite ignored="0" hostname="NiKlausMikaelson" failures="0" tests="4" name="OrangeHRM Tests" time="0.963" errors="0" timestamp="2025-05-15T15:44:02 IST">
  <testcase classname="Base.Base" name="@BeforeClass setup" time="-1.747304042009E9">
    <failure type="org.testng.TestNGException" message="
Parameter &amp;apos;browser&amp;apos; is required by BeforeClass on method setup but has not been marked @Optional or defined
in E:\Workspace\Selenium_Framework\testng.xml">
      <![CDATA[org.testng.TestNGException: 
Parameter 'browser' is required by BeforeClass on method setup but has not been marked @Optional or defined
in E:\Workspace\Selenium_Framework\testng.xml
at java.base/java.util.ArrayList.forEach(ArrayList.java:1604)
... Removed 22 stack frames]]>
    </failure>
  </testcase> <!-- @BeforeClass setup -->
  <testcase classname="Base.Base" name="@AfterClass tearDown" time="0.0">
    <skipped/>
  </testcase> <!-- @AfterClass tearDown -->
  <testcase classname="Test.Testing" name="validlogin" time="0.0">
    <skipped/>
  </testcase> <!-- validlogin -->
  <testcase classname="Test.Testing" name="addUser" time="0.0">
    <skipped/>
  </testcase> <!-- addUser -->
  <testcase classname="Test.Testing" name="addUser" time="0.001">
    <skipped/>
  </testcase> <!-- addUser -->
  <testcase classname="Test.Testing" name="addUser" time="0.0">
    <skipped/>
  </testcase> <!-- addUser -->
</testsuite> <!-- OrangeHRM Tests -->
